action: GLOB, msg: packaging
cwd: /home/nolan/GIT/doc-ufcn
cmd: /home/nolan/.virtualenvs/doc-ufcn/bin/python setup.py sdist --formats=zip --dist-dir .tox/dist
running sdist
running egg_info
writing doc_ufcn.egg-info/PKG-INFO
writing dependency_links to doc_ufcn.egg-info/dependency_links.txt
writing requirements to doc_ufcn.egg-info/requires.txt
writing top-level names to doc_ufcn.egg-info/top_level.txt
reading manifest file 'doc_ufcn.egg-info/SOURCES.txt'
reading manifest template 'MANIFEST.in'
adding license file 'LICENSE'
writing manifest file 'doc_ufcn.egg-info/SOURCES.txt'
running check
creating doc-ufcn-0.1.9rc2
creating doc-ufcn-0.1.9rc2/doc_ufcn
creating doc-ufcn-0.1.9rc2/doc_ufcn.egg-info
creating doc-ufcn-0.1.9rc2/doc_ufcn/train
creating doc-ufcn-0.1.9rc2/doc_ufcn/train/utils
creating doc-ufcn-0.1.9rc2/hugging_face
creating doc-ufcn-0.1.9rc2/tests
copying files to doc-ufcn-0.1.9rc2...
copying LICENSE -> doc-ufcn-0.1.9rc2
copying MANIFEST.in -> doc-ufcn-0.1.9rc2
copying README.md -> doc-ufcn-0.1.9rc2
copying VERSION -> doc-ufcn-0.1.9rc2
copying requirements.txt -> doc-ufcn-0.1.9rc2
copying setup.py -> doc-ufcn-0.1.9rc2
copying training-requirements.txt -> doc-ufcn-0.1.9rc2
copying doc_ufcn/__init__.py -> doc-ufcn-0.1.9rc2/doc_ufcn
copying doc_ufcn/image.py -> doc-ufcn-0.1.9rc2/doc_ufcn
copying doc_ufcn/main.py -> doc-ufcn-0.1.9rc2/doc_ufcn
copying doc_ufcn/model.py -> doc-ufcn-0.1.9rc2/doc_ufcn
copying doc_ufcn/models.py -> doc-ufcn-0.1.9rc2/doc_ufcn
copying doc_ufcn/prediction.py -> doc-ufcn-0.1.9rc2/doc_ufcn
copying doc_ufcn/utils.py -> doc-ufcn-0.1.9rc2/doc_ufcn
copying doc_ufcn.egg-info/PKG-INFO -> doc-ufcn-0.1.9rc2/doc_ufcn.egg-info
copying doc_ufcn.egg-info/SOURCES.txt -> doc-ufcn-0.1.9rc2/doc_ufcn.egg-info
copying doc_ufcn.egg-info/dependency_links.txt -> doc-ufcn-0.1.9rc2/doc_ufcn.egg-info
copying doc_ufcn.egg-info/requires.txt -> doc-ufcn-0.1.9rc2/doc_ufcn.egg-info
copying doc_ufcn.egg-info/top_level.txt -> doc-ufcn-0.1.9rc2/doc_ufcn.egg-info
copying doc_ufcn/train/__init__.py -> doc-ufcn-0.1.9rc2/doc_ufcn/train
copying doc_ufcn/train/cli.py -> doc-ufcn-0.1.9rc2/doc_ufcn/train
copying doc_ufcn/train/configuration.py -> doc-ufcn-0.1.9rc2/doc_ufcn/train
copying doc_ufcn/train/evaluate.py -> doc-ufcn-0.1.9rc2/doc_ufcn/train
copying doc_ufcn/train/experiment.py -> doc-ufcn-0.1.9rc2/doc_ufcn/train
copying doc_ufcn/train/mask.py -> doc-ufcn-0.1.9rc2/doc_ufcn/train
copying doc_ufcn/train/mlflow_utils.py -> doc-ufcn-0.1.9rc2/doc_ufcn/train
copying doc_ufcn/train/normalization_params.py -> doc-ufcn-0.1.9rc2/doc_ufcn/train
copying doc_ufcn/train/predict.py -> doc-ufcn-0.1.9rc2/doc_ufcn/train
copying doc_ufcn/train/training.py -> doc-ufcn-0.1.9rc2/doc_ufcn/train
copying doc_ufcn/train/utils/__init__.py -> doc-ufcn-0.1.9rc2/doc_ufcn/train/utils
copying doc_ufcn/train/utils/evaluation.py -> doc-ufcn-0.1.9rc2/doc_ufcn/train/utils
copying doc_ufcn/train/utils/object_metrics.py -> doc-ufcn-0.1.9rc2/doc_ufcn/train/utils
copying doc_ufcn/train/utils/pixel_metrics.py -> doc-ufcn-0.1.9rc2/doc_ufcn/train/utils
copying doc_ufcn/train/utils/prediction.py -> doc-ufcn-0.1.9rc2/doc_ufcn/train/utils
copying doc_ufcn/train/utils/preprocessing.py -> doc-ufcn-0.1.9rc2/doc_ufcn/train/utils
copying doc_ufcn/train/utils/training.py -> doc-ufcn-0.1.9rc2/doc_ufcn/train/utils
copying doc_ufcn/train/utils/training_pixel_metrics.py -> doc-ufcn-0.1.9rc2/doc_ufcn/train/utils
copying hugging_face/__init__.py -> doc-ufcn-0.1.9rc2/hugging_face
copying hugging_face/app.py -> doc-ufcn-0.1.9rc2/hugging_face
copying hugging_face/config.py -> doc-ufcn-0.1.9rc2/hugging_face
copying tests/__init__.py -> doc-ufcn-0.1.9rc2/tests
copying tests/conftest.py -> doc-ufcn-0.1.9rc2/tests
copying tests/test_image.py -> doc-ufcn-0.1.9rc2/tests
copying tests/test_main.py -> doc-ufcn-0.1.9rc2/tests
copying tests/test_mask.py -> doc-ufcn-0.1.9rc2/tests
copying tests/test_model.py -> doc-ufcn-0.1.9rc2/tests
copying tests/test_models.py -> doc-ufcn-0.1.9rc2/tests
copying tests/test_prediction.py -> doc-ufcn-0.1.9rc2/tests
Writing doc-ufcn-0.1.9rc2/setup.cfg
creating '.tox/dist/doc-ufcn-0.1.9rc2.zip' and adding 'doc-ufcn-0.1.9rc2' to it
adding 'doc-ufcn-0.1.9rc2'
adding 'doc-ufcn-0.1.9rc2/hugging_face'
adding 'doc-ufcn-0.1.9rc2/doc_ufcn.egg-info'
adding 'doc-ufcn-0.1.9rc2/tests'
adding 'doc-ufcn-0.1.9rc2/doc_ufcn'
adding 'doc-ufcn-0.1.9rc2/PKG-INFO'
adding 'doc-ufcn-0.1.9rc2/README.md'
adding 'doc-ufcn-0.1.9rc2/LICENSE'
adding 'doc-ufcn-0.1.9rc2/setup.cfg'
adding 'doc-ufcn-0.1.9rc2/setup.py'
adding 'doc-ufcn-0.1.9rc2/VERSION'
adding 'doc-ufcn-0.1.9rc2/requirements.txt'
adding 'doc-ufcn-0.1.9rc2/training-requirements.txt'
adding 'doc-ufcn-0.1.9rc2/MANIFEST.in'
adding 'doc-ufcn-0.1.9rc2/hugging_face/app.py'
adding 'doc-ufcn-0.1.9rc2/hugging_face/__init__.py'
adding 'doc-ufcn-0.1.9rc2/hugging_face/config.py'
adding 'doc-ufcn-0.1.9rc2/doc_ufcn.egg-info/PKG-INFO'
adding 'doc-ufcn-0.1.9rc2/doc_ufcn.egg-info/requires.txt'
adding 'doc-ufcn-0.1.9rc2/doc_ufcn.egg-info/SOURCES.txt'
adding 'doc-ufcn-0.1.9rc2/doc_ufcn.egg-info/dependency_links.txt'
adding 'doc-ufcn-0.1.9rc2/doc_ufcn.egg-info/top_level.txt'
adding 'doc-ufcn-0.1.9rc2/tests/test_image.py'
adding 'doc-ufcn-0.1.9rc2/tests/test_mask.py'
adding 'doc-ufcn-0.1.9rc2/tests/test_model.py'
adding 'doc-ufcn-0.1.9rc2/tests/__init__.py'
adding 'doc-ufcn-0.1.9rc2/tests/test_main.py'
adding 'doc-ufcn-0.1.9rc2/tests/test_models.py'
adding 'doc-ufcn-0.1.9rc2/tests/conftest.py'
adding 'doc-ufcn-0.1.9rc2/tests/test_prediction.py'
adding 'doc-ufcn-0.1.9rc2/doc_ufcn/train'
adding 'doc-ufcn-0.1.9rc2/doc_ufcn/main.py'
adding 'doc-ufcn-0.1.9rc2/doc_ufcn/prediction.py'
adding 'doc-ufcn-0.1.9rc2/doc_ufcn/image.py'
adding 'doc-ufcn-0.1.9rc2/doc_ufcn/__init__.py'
adding 'doc-ufcn-0.1.9rc2/doc_ufcn/model.py'
adding 'doc-ufcn-0.1.9rc2/doc_ufcn/models.py'
adding 'doc-ufcn-0.1.9rc2/doc_ufcn/utils.py'
adding 'doc-ufcn-0.1.9rc2/doc_ufcn/train/utils'
adding 'doc-ufcn-0.1.9rc2/doc_ufcn/train/normalization_params.py'
adding 'doc-ufcn-0.1.9rc2/doc_ufcn/train/configuration.py'
adding 'doc-ufcn-0.1.9rc2/doc_ufcn/train/predict.py'
adding 'doc-ufcn-0.1.9rc2/doc_ufcn/train/mask.py'
adding 'doc-ufcn-0.1.9rc2/doc_ufcn/train/experiment.py'
adding 'doc-ufcn-0.1.9rc2/doc_ufcn/train/cli.py'
adding 'doc-ufcn-0.1.9rc2/doc_ufcn/train/__init__.py'
adding 'doc-ufcn-0.1.9rc2/doc_ufcn/train/mlflow_utils.py'
adding 'doc-ufcn-0.1.9rc2/doc_ufcn/train/evaluate.py'
adding 'doc-ufcn-0.1.9rc2/doc_ufcn/train/training.py'
adding 'doc-ufcn-0.1.9rc2/doc_ufcn/train/utils/preprocessing.py'
adding 'doc-ufcn-0.1.9rc2/doc_ufcn/train/utils/prediction.py'
adding 'doc-ufcn-0.1.9rc2/doc_ufcn/train/utils/__init__.py'
adding 'doc-ufcn-0.1.9rc2/doc_ufcn/train/utils/training_pixel_metrics.py'
adding 'doc-ufcn-0.1.9rc2/doc_ufcn/train/utils/object_metrics.py'
adding 'doc-ufcn-0.1.9rc2/doc_ufcn/train/utils/pixel_metrics.py'
adding 'doc-ufcn-0.1.9rc2/doc_ufcn/train/utils/training.py'
adding 'doc-ufcn-0.1.9rc2/doc_ufcn/train/utils/evaluation.py'
removing 'doc-ufcn-0.1.9rc2' (and everything under it)
/home/nolan/.virtualenvs/doc-ufcn/lib/python3.8/site-packages/setuptools/dist.py:530: UserWarning: Normalizing '0.1.9-rc2
' to '0.1.9rc2'
  warnings.warn(tmpl.format(**locals()))
